<?xml version="1.0" encoding="UTF-8"?>
<testsuite name="PingPongTest" tests="4" skipped="0" failures="0" errors="0" timestamp="2016-04-18T22:11:52" hostname="epicodus-117.local" time="0.003">
  <properties/>
  <testcase name="isPingPong_forNumberNotDivisibleByThreeFiveAndFifthteen_number" classname="PingPongTest" time="0.002"/>
  <testcase name="isPingPong_forNumberDivisibleByFifthteen_number" classname="PingPongTest" time="0.0"/>
  <testcase name="isPingPong_forNumberDivisibleByFive_number" classname="PingPongTest" time="0.0"/>
  <testcase name="isPingPong_forNumberDivisibleByThree_number" classname="PingPongTest" time="0.0"/>
  <system-out><![CDATA[]]></system-out>
  <system-err><![CDATA[]]></system-err>
</testsuite>
